<?xml version="1.0" encoding="UTF-8"?>
<!-- Generated by org.testng.reporters.JUnitXMLReporter -->
<testsuite hostname="LAPTOP-NC0KKTHF" ignored="2" name="Default test" tests="1" failures="0" timestamp="13 Sep 2020 08:36:16 GMT" time="0.276" errors="0">
  <testcase name="loginAsBankManager" time="0.194" classname="com.nec.testcases.BankManagerLoginTest"/>
  <testcase name="@AfterSuite tearDown" time="0.0" classname="com.nec.base.TestBase">
    <ignored/>
  </testcase> <!-- @AfterSuite tearDown -->
  <testcase name="@BeforeSuite setUp" time="0.0" classname="com.nec.base.TestBase">
    <ignored/>
  </testcase> <!-- @BeforeSuite setUp -->
</testsuite> <!-- Default test -->
