<?xml version="1.0" encoding="UTF-8"?>
<testng-results skipped="0" failed="0" ignored="0" total="1" passed="1">
  <reporter-output>
  </reporter-output>
  <suite name="Logging Basics" duration-ms="312" started-at="2020-09-13T08:46:33Z" finished-at="2020-09-13T08:46:34Z">
    <groups>
    </groups>
    <test name="Bank Manager Login Test" duration-ms="312" started-at="2020-09-13T08:46:33Z" finished-at="2020-09-13T08:46:34Z">
      <class name="com.nec.testcases.BankManagerLoginTest">
        <test-method status="PASS" signature="setUp()[pri:0, instance:com.nec.testcases.BankManagerLoginTest@1efbd816]" name="setUp" is-config="true" duration-ms="16142" started-at="2020-09-13T14:16:17Z" finished-at="2020-09-13T14:16:33Z">
          <reporter-output>
          </reporter-output>
        </test-method> <!-- setUp -->
        <test-method status="PASS" signature="loginAsBankManager()[pri:0, instance:com.nec.testcases.BankManagerLoginTest@1efbd816]" name="loginAsBankManager" duration-ms="258" started-at="2020-09-13T14:16:33Z" finished-at="2020-09-13T14:16:34Z">
          <reporter-output>
          </reporter-output>
        </test-method> <!-- loginAsBankManager -->
        <test-method status="PASS" signature="tearDown()[pri:0, instance:com.nec.testcases.BankManagerLoginTest@1efbd816]" name="tearDown" is-config="true" duration-ms="2099" started-at="2020-09-13T14:16:34Z" finished-at="2020-09-13T14:16:36Z">
          <reporter-output>
          </reporter-output>
        </test-method> <!-- tearDown -->
      </class> <!-- com.nec.testcases.BankManagerLoginTest -->
    </test> <!-- Bank Manager Login Test -->
  </suite> <!-- Logging Basics -->
</testng-results>
