<?xml version="1.0" encoding="UTF-8"?>
<!-- Generated by org.testng.reporters.JUnitXMLReporter -->
<testsuite hostname="LAPTOP-NC0KKTHF" ignored="0" name="Bank Manager Login Test" tests="1" failures="1" timestamp="08 Sep 2020 22:38:53 GMT" time="0.142" errors="0">
  <testcase name="loginAsBankManager" time="0.0" classname="com.nec.testcases.BankManagerLoginTest">
    <failure type="org.testng.TestNGException" message="
Cannot inject @Test annotated Method [loginAsBankManager] with [interface org.openqa.selenium.WebDriver, class org.apache.log4j.Logger].
For more information on native dependency injection please refer to http://testng.org/doc/documentation-main.html#native-dependency-injection">
      <![CDATA[org.testng.TestNGException: 
Cannot inject @Test annotated Method [loginAsBankManager] with [interface org.openqa.selenium.WebDriver, class org.apache.log4j.Logger].
For more information on native dependency injection please refer to http://testng.org/doc/documentation-main.html#native-dependency-injection
... Removed 24 stack frames]]>
    </failure>
  </testcase> <!-- loginAsBankManager -->
</testsuite> <!-- Bank Manager Login Test -->
