<?xml version="1.0" encoding="UTF-8"?>
<testng-results skipped="0" failed="0" ignored="2" total="3" passed="1">
  <reporter-output>
  </reporter-output>
  <suite name="Default suite" duration-ms="276" started-at="2020-09-13T08:36:16Z" finished-at="2020-09-13T08:36:16Z">
    <groups>
    </groups>
    <test name="Default test" duration-ms="276" started-at="2020-09-13T08:36:16Z" finished-at="2020-09-13T08:36:16Z">
      <class name="com.nec.testcases.BankManagerLoginTest">
        <test-method status="PASS" signature="loginAsBankManager()[pri:0, instance:com.nec.testcases.BankManagerLoginTest@64bfbc86]" name="loginAsBankManager" duration-ms="194" started-at="2020-09-13T14:06:16Z" finished-at="2020-09-13T14:06:16Z">
          <reporter-output>
          </reporter-output>
        </test-method> <!-- loginAsBankManager -->
      </class> <!-- com.nec.testcases.BankManagerLoginTest -->
      <class name="com.nec.base.TestBase">
        <test-method status="PASS" signature="setUp()[pri:0, instance:com.nec.base.TestBase@192b07fd]" name="setUp" is-config="true" duration-ms="14244" started-at="2020-09-13T14:06:02Z" finished-at="2020-09-13T14:06:16Z">
          <reporter-output>
          </reporter-output>
        </test-method> <!-- setUp -->
        <test-method status="PASS" signature="tearDown()[pri:0, instance:com.nec.base.TestBase@192b07fd]" name="tearDown" is-config="true" duration-ms="1766" started-at="2020-09-13T14:06:16Z" finished-at="2020-09-13T14:06:18Z">
          <reporter-output>
          </reporter-output>
        </test-method> <!-- tearDown -->
      </class> <!-- com.nec.base.TestBase -->
    </test> <!-- Default test -->
  </suite> <!-- Default suite -->
</testng-results>
